<?xml version="1.0" encoding="UTF-8"?>
<testng-results ignored="0" total="2" passed="2" failed="0" skipped="0">
  <reporter-output>
    <line>
      <![CDATA[checking reporter]]>
    </line>
  </reporter-output>
  <suite started-at="2023-02-05T12:43:28 IST" name="Default suite" finished-at="2023-02-05T12:43:28 IST" duration-ms="50">
    <groups>
    </groups>
    <test started-at="2023-02-05T12:43:28 IST" name="Default test" finished-at="2023-02-05T12:43:28 IST" duration-ms="50">
      <class name="testngtest.Checkingtestsequence">
        <test-method signature="ab()[pri:-1, instance:testngtest.Checkingtestsequence@747edf66]" started-at="2023-02-05T12:43:28 IST" name="ab" finished-at="2023-02-05T12:43:28 IST" duration-ms="11" status="PASS">
          <reporter-output>
            <line>
              <![CDATA[checking reporter]]>
            </line>
          </reporter-output>
        </test-method> <!-- ab -->
        <test-method signature="ba()[pri:1, instance:testngtest.Checkingtestsequence@747edf66]" started-at="2023-02-05T12:43:28 IST" name="ba" finished-at="2023-02-05T12:43:28 IST" duration-ms="1" status="PASS">
          <reporter-output>
          </reporter-output>
        </test-method> <!-- ba -->
      </class> <!-- testngtest.Checkingtestsequence -->
    </test> <!-- Default test -->
  </suite> <!-- Default suite -->
</testng-results>
